<?xml version="1.0" encoding="UTF-8"?>
<testsuite name="TestSuite" time="2.224" tests="40" errors="0" skipped="0" failures="0">
  <properties>
    <property name="java.runtime.name" value="Java(TM) SE Runtime Environment"/>
    <property name="sun.boot.library.path" value="/opt/jdk1.8.0_102/jre/lib/amd64"/>
    <property name="java.vm.version" value="25.102-b14"/>
    <property name="java.vm.vendor" value="Oracle Corporation"/>
    <property name="maven.multiModuleProjectDirectory" value="/home/idbs/jzmq/jzmq/jzmq-jni"/>
    <property name="java.vendor.url" value="http://java.oracle.com/"/>
    <property name="path.separator" value=":"/>
    <property name="guice.disable.misplaced.annotation.check" value="true"/>
    <property name="java.vm.name" value="Java HotSpot(TM) 64-Bit Server VM"/>
    <property name="file.encoding.pkg" value="sun.io"/>
    <property name="user.country" value="US"/>
    <property name="sun.java.launcher" value="SUN_STANDARD"/>
    <property name="sun.os.patch.level" value="unknown"/>
    <property name="java.vm.specification.name" value="Java Virtual Machine Specification"/>
    <property name="user.dir" value="/home/idbs/jzmq/jzmq/jzmq-jni"/>
    <property name="java.runtime.version" value="1.8.0_102-b14"/>
    <property name="java.awt.graphicsenv" value="sun.awt.X11GraphicsEnvironment"/>
    <property name="java.endorsed.dirs" value="/opt/jdk1.8.0_102/jre/lib/endorsed"/>
    <property name="os.arch" value="amd64"/>
    <property name="java.io.tmpdir" value="/tmp"/>
    <property name="gpg.skip" value="true"/>
    <property name="line.separator" value="&#10;"/>
    <property name="java.vm.specification.vendor" value="Oracle Corporation"/>
    <property name="os.name" value="Linux"/>
    <property name="classworlds.conf" value="/opt/apache-maven-3.3.9/bin/m2.conf"/>
    <property name="sun.jnu.encoding" value="UTF-8"/>
    <property name="java.library.path" value="/usr/local/lib:/usr/java/packages/lib/amd64:/usr/lib64:/lib64:/lib:/usr/lib"/>
    <property name="java.specification.name" value="Java Platform API Specification"/>
    <property name="java.class.version" value="52.0"/>
    <property name="sun.management.compiler" value="HotSpot 64-Bit Tiered Compilers"/>
    <property name="os.version" value="3.10.0-327.el7.x86_64"/>
    <property name="user.home" value="/home/idbs"/>
    <property name="user.timezone" value="Asia/Hong_Kong"/>
    <property name="java.awt.printerjob" value="sun.print.PSPrinterJob"/>
    <property name="java.specification.version" value="1.8"/>
    <property name="file.encoding" value="UTF-8"/>
    <property name="user.name" value="idbs"/>
    <property name="java.class.path" value="/opt/apache-maven-3.3.9/boot/plexus-classworlds-2.5.2.jar"/>
    <property name="java.vm.specification.version" value="1.8"/>
    <property name="sun.arch.data.model" value="64"/>
    <property name="java.home" value="/opt/jdk1.8.0_102/jre"/>
    <property name="sun.java.command" value="org.codehaus.plexus.classworlds.launcher.Launcher deploy -Dgpg.skip=true"/>
    <property name="java.specification.vendor" value="Oracle Corporation"/>
    <property name="user.language" value="en"/>
    <property name="awt.toolkit" value="sun.awt.X11.XToolkit"/>
    <property name="java.vm.info" value="mixed mode"/>
    <property name="java.version" value="1.8.0_102"/>
    <property name="java.ext.dirs" value="/opt/jdk1.8.0_102/jre/lib/ext:/usr/java/packages/lib/ext"/>
    <property name="securerandom.source" value="file:/dev/./urandom"/>
    <property name="sun.boot.class.path" value="/opt/jdk1.8.0_102/jre/lib/resources.jar:/opt/jdk1.8.0_102/jre/lib/rt.jar:/opt/jdk1.8.0_102/jre/lib/sunrsasign.jar:/opt/jdk1.8.0_102/jre/lib/jsse.jar:/opt/jdk1.8.0_102/jre/lib/jce.jar:/opt/jdk1.8.0_102/jre/lib/charsets.jar:/opt/jdk1.8.0_102/jre/lib/jfr.jar:/opt/jdk1.8.0_102/jre/classes"/>
    <property name="java.vendor" value="Oracle Corporation"/>
    <property name="maven.home" value="/opt/apache-maven-3.3.9"/>
    <property name="file.separator" value="/"/>
    <property name="java.vendor.url.bug" value="http://bugreport.sun.com/bugreport/"/>
    <property name="sun.cpu.endian" value="little"/>
    <property name="sun.io.unicode.encoding" value="UnicodeLittle"/>
    <property name="sun.cpu.isalist" value=""/>
  </properties>
  <testcase name="testEventDisconnected on testEventDisconnected(org.zeromq.ZMQTest)" classname="org.zeromq.ZMQTest" time="0.013"/>
  <testcase name="testKeyDecode on testKeyDecode(org.zeromq.ZMQTest)" classname="org.zeromq.ZMQTest" time="0"/>
  <testcase name="testSendMoreRequestReplyOverTcp on testSendMoreRequestReplyOverTcp(org.zeromq.ZMQTest)" classname="org.zeromq.ZMQTest" time="0.006"/>
  <testcase name="testKeyEncode on testKeyEncode(org.zeromq.ZMQTest)" classname="org.zeromq.ZMQTest" time="0"/>
  <testcase name="testZeroCopyRecv on testZeroCopyRecv(org.zeromq.ZMQTest)" classname="org.zeromq.ZMQTest" time="0.005"/>
  <testcase name="testZeroCopySend on testZeroCopySend(org.zeromq.ZMQTest)" classname="org.zeromq.ZMQTest" time="0.002"/>
  <testcase name="testEventListening on testEventListening(org.zeromq.ZMQTest)" classname="org.zeromq.ZMQTest" time="0.002"/>
  <testcase name="testCurveBinaryKeys on testCurveBinaryKeys(org.zeromq.ZMQTest)" classname="org.zeromq.ZMQTest" time="0.015"/>
  <testcase name="testProxy on testProxy(org.zeromq.ZMQTest)" classname="org.zeromq.ZMQTest" time="1.01"/>
  <testcase name="testEventMonitorStopped on testEventMonitorStopped(org.zeromq.ZMQTest)" classname="org.zeromq.ZMQTest" time="0.004"/>
  <testcase name="testWritingToClosedSocket on testWritingToClosedSocket(org.zeromq.ZMQTest)" classname="org.zeromq.ZMQTest" time="0.026"/>
  <testcase name="testBindToRandomPort on testBindToRandomPort(org.zeromq.ZMQTest)" classname="org.zeromq.ZMQTest" time="0.009"/>
  <testcase name="testEventClosed on testEventClosed(org.zeromq.ZMQTest)" classname="org.zeromq.ZMQTest" time="0.001"/>
  <testcase name="testEventConnected on testEventConnected(org.zeromq.ZMQTest)" classname="org.zeromq.ZMQTest" time="0.002"/>
  <testcase name="testSetXpubVerbose on testSetXpubVerbose(org.zeromq.ZMQTest)" classname="org.zeromq.ZMQTest" time="0.006"/>
  <testcase name="testByteBufferRecvTooLarge on testByteBufferRecvTooLarge(org.zeromq.ZMQTest)" classname="org.zeromq.ZMQTest" time="0.003"/>
  <testcase name="testEventBindFailed on testEventBindFailed(org.zeromq.ZMQTest)" classname="org.zeromq.ZMQTest" time="0.001"/>
  <testcase name="testByteBufferRecv on testByteBufferRecv(org.zeromq.ZMQTest)" classname="org.zeromq.ZMQTest" time="0.001"/>
  <testcase name="testByteBufferSend on testByteBufferSend(org.zeromq.ZMQTest)" classname="org.zeromq.ZMQTest" time="0.003"/>
  <testcase name="testPollingInvalidSockets on testPollingInvalidSockets(org.zeromq.ZMQTest)" classname="org.zeromq.ZMQTest" time="0"/>
  <testcase name="testEventConnectRetried on testEventConnectRetried(org.zeromq.ZMQTest)" classname="org.zeromq.ZMQTest" time="0.012"/>
  <testcase name="testBindToSystemRandomPort on testBindToSystemRandomPort(org.zeromq.ZMQTest)" classname="org.zeromq.ZMQTest" time="0"/>
  <testcase name="testKeyEncodeDecode on testKeyEncodeDecode(org.zeromq.ZMQTest)" classname="org.zeromq.ZMQTest" time="0.107"/>
  <testcase name="testGetVersion on testGetVersion(org.zeromq.ZMQTest)" classname="org.zeromq.ZMQTest" time="0"/>
  <testcase name="testEventConnectDelayed on testEventConnectDelayed(org.zeromq.ZMQTest)" classname="org.zeromq.ZMQTest" time="0.003"/>
  <testcase name="testMakeVersion on testMakeVersion(org.zeromq.ZMQTest)" classname="org.zeromq.ZMQTest" time="0"/>
  <testcase name="testXPUBSUB on testXPUBSUB(org.zeromq.ZMQTest)" classname="org.zeromq.ZMQTest" time="0"/>
  <testcase name="testSetOption on testSetOption(org.zeromq.ZMQTest)" classname="org.zeromq.ZMQTest" time="0.001"/>
  <testcase name="testRouterMandatory on testRouterMandatory(org.zeromq.ZMQTest)" classname="org.zeromq.ZMQTest" time="0.001"/>
  <testcase name="testPollerUnregister on testPollerUnregister(org.zeromq.ZMQTest)" classname="org.zeromq.ZMQTest" time="0.003"/>
  <testcase name="testCurveZ85Keys on testCurveZ85Keys(org.zeromq.ZMQTest)" classname="org.zeromq.ZMQTest" time="0.017"/>
  <testcase name="testReqRep on testReqRep(org.zeromq.ZMQTest)" classname="org.zeromq.ZMQTest" time="0"/>
  <testcase name="testEventAccepted on testEventAccepted(org.zeromq.ZMQTest)" classname="org.zeromq.ZMQTest" time="0.017"/>
  <testcase name="rewriteMacOSX on rewriteMacOSX(org.zeromq.EmbeddedLibraryToolsTest)" classname="org.zeromq.EmbeddedLibraryToolsTest" time="0.023"/>
  <testcase name="passThroughLinux32Bit on passThroughLinux32Bit(org.zeromq.EmbeddedLibraryToolsTest)" classname="org.zeromq.EmbeddedLibraryToolsTest" time="0"/>
  <testcase name="rewriteWindowsXP on rewriteWindowsXP(org.zeromq.EmbeddedLibraryToolsTest)" classname="org.zeromq.EmbeddedLibraryToolsTest" time="0"/>
  <testcase name="rewriteWindows8 on rewriteWindows8(org.zeromq.EmbeddedLibraryToolsTest)" classname="org.zeromq.EmbeddedLibraryToolsTest" time="0"/>
  <testcase name="rewriteSpacesInPath on rewriteSpacesInPath(org.zeromq.EmbeddedLibraryToolsTest)" classname="org.zeromq.EmbeddedLibraryToolsTest" time="0"/>
  <testcase name="multiLibLoad on multiLibLoad(org.zeromq.EmbeddedLibraryToolsTest)" classname="org.zeromq.EmbeddedLibraryToolsTest" time="0.529"/>
  <testcase name="libsAsProp on libsAsProp(org.zeromq.EmbeddedLibraryToolsTest)" classname="org.zeromq.EmbeddedLibraryToolsTest" time="0.402"/>
</testsuite>