<?xml version="1.0" encoding="UTF-8"?>
<!-- Generated by org.testng.reporters.JUnitReportReporter -->
<testsuite hostname="localhost.localdomain" name="org.zeromq.ZMQTest" tests="33" failures="0" timestamp="4 Oct 2016 04:15:14 GMT" time="1.274" errors="0">
  <testcase name="testZeroCopyRecv" time="0.008" classname="org.zeromq.ZMQTest"/>
  <testcase name="testEventConnectRetried" time="0.001" classname="org.zeromq.ZMQTest"/>
  <testcase name="testZeroCopySend" time="0.002" classname="org.zeromq.ZMQTest"/>
  <testcase name="testKeyEncodeDecode" time="0.115" classname="org.zeromq.ZMQTest"/>
  <testcase name="testBindToRandomPort" time="0.034" classname="org.zeromq.ZMQTest"/>
  <testcase name="testKeyEncode" time="0.000" classname="org.zeromq.ZMQTest"/>
  <testcase name="testXPUBSUB" time="0.000" classname="org.zeromq.ZMQTest"/>
  <testcase name="testSetXpubVerbose" time="0.006" classname="org.zeromq.ZMQTest"/>
  <testcase name="testEventAccepted" time="0.004" classname="org.zeromq.ZMQTest"/>
  <testcase name="testProxy" time="1.011" classname="org.zeromq.ZMQTest"/>
  <testcase name="testRouterMandatory" time="0.000" classname="org.zeromq.ZMQTest"/>
  <testcase name="testWritingToClosedSocket" time="0.003" classname="org.zeromq.ZMQTest"/>
  <testcase name="testEventDisconnected" time="0.033" classname="org.zeromq.ZMQTest"/>
  <testcase name="testPollerUnregister" time="0.000" classname="org.zeromq.ZMQTest"/>
  <testcase name="testEventConnected" time="0.002" classname="org.zeromq.ZMQTest"/>
  <testcase name="testMakeVersion" time="0.000" classname="org.zeromq.ZMQTest"/>
  <testcase name="testGetVersion" time="0.000" classname="org.zeromq.ZMQTest"/>
  <testcase name="testKeyDecode" time="0.002" classname="org.zeromq.ZMQTest"/>
  <testcase name="testEventClosed" time="0.002" classname="org.zeromq.ZMQTest"/>
  <testcase name="testEventListening" time="0.002" classname="org.zeromq.ZMQTest"/>
  <testcase name="testEventConnectDelayed" time="0.004" classname="org.zeromq.ZMQTest"/>
  <testcase name="testSetOption" time="0.001" classname="org.zeromq.ZMQTest"/>
  <testcase name="testSendMoreRequestReplyOverTcp" time="0.005" classname="org.zeromq.ZMQTest"/>
  <testcase name="testEventMonitorStopped" time="0.001" classname="org.zeromq.ZMQTest"/>
  <testcase name="testReqRep" time="0.000" classname="org.zeromq.ZMQTest"/>
  <testcase name="testBindToSystemRandomPort" time="0.001" classname="org.zeromq.ZMQTest"/>
  <testcase name="testByteBufferSend" time="0.001" classname="org.zeromq.ZMQTest"/>
  <testcase name="testPollingInvalidSockets" time="0.001" classname="org.zeromq.ZMQTest"/>
  <testcase name="testByteBufferRecvTooLarge" time="0.002" classname="org.zeromq.ZMQTest"/>
  <testcase name="testEventBindFailed" time="0.001" classname="org.zeromq.ZMQTest"/>
  <testcase name="testByteBufferRecv" time="0.001" classname="org.zeromq.ZMQTest"/>
  <testcase name="testCurveBinaryKeys" time="0.014" classname="org.zeromq.ZMQTest"/>
  <testcase name="testCurveZ85Keys" time="0.017" classname="org.zeromq.ZMQTest"/>
</testsuite> <!-- org.zeromq.ZMQTest -->
