<?xml version="1.0" encoding="UTF-8"?>
<!-- Generated by org.testng.reporters.JUnitReportReporter -->
<testsuite hostname="localhost.localdomain" name="org.zeromq.EmbeddedLibraryToolsTest" tests="5" failures="0" timestamp="4 Oct 2016 04:15:14 GMT" time="0.023" errors="0">
  <testcase name="rewriteWindows8" time="0.001" classname="org.zeromq.EmbeddedLibraryToolsTest"/>
  <testcase name="rewriteMacOSX" time="0.019" classname="org.zeromq.EmbeddedLibraryToolsTest"/>
  <testcase name="passThroughLinux32Bit" time="0.001" classname="org.zeromq.EmbeddedLibraryToolsTest"/>
  <testcase name="rewriteSpacesInPath" time="0.001" classname="org.zeromq.EmbeddedLibraryToolsTest"/>
  <testcase name="rewriteWindowsXP" time="0.001" classname="org.zeromq.EmbeddedLibraryToolsTest"/>
</testsuite> <!-- org.zeromq.EmbeddedLibraryToolsTest -->
